<?xml version="1.0" encoding="UTF-8"?>
<!-- Generated by org.testng.reporters.JUnitReportReporter -->
<testsuite hostname="Aliva" failures="0" tests="1" name="com.ecomm.qa.testcases.HomePageTest" time="0.015" errors="0" timestamp="2022-08-26T21:37:59 IST" skipped="0">
  <testcase classname="com.ecomm.qa.testcases.HomePageTest" name="validate" time="0.015"/>
  <system-out/>
</testsuite> <!-- com.ecomm.qa.testcases.HomePageTest -->
